<?xml version="1.0" encoding="UTF-8"?>
<testng-results ignored="0" total="1" passed="1" failed="0" skipped="0">
  <reporter-output>
  </reporter-output>
  <suite started-at="2020-12-26T20:56:22 IST" name="Surefire suite" finished-at="2020-12-26T20:56:23 IST" duration-ms="812">
    <groups>
    </groups>
    <test started-at="2020-12-26T20:56:22 IST" name="Surefire test" finished-at="2020-12-26T20:56:23 IST" duration-ms="812">
      <class name="qaclickacademy.Mavenjava.AppTest">
        <test-method signature="shouldAnswerWithTrue()" started-at="2020-12-26T20:56:22 IST" name="shouldAnswerWithTrue" finished-at="2020-12-26T20:56:23 IST" duration-ms="619" status="PASS">
          <reporter-output>
          </reporter-output>
        </test-method> <!-- shouldAnswerWithTrue -->
      </class> <!-- qaclickacademy.Mavenjava.AppTest -->
    </test> <!-- Surefire test -->
  </suite> <!-- Surefire suite -->
</testng-results>
