<?xml version="1.0" encoding="UTF-8"?>
<!-- Generated by org.testng.reporters.JUnitXMLReporter -->
<testsuite ignored="1" hostname="DESKTOP-BAN4ULB" failures="0" tests="1" name="Default test" time="0.33" errors="0" timestamp="2020-12-26T15:12:01 IST">
  <testcase classname="qaclickacademy.Mavenjava.AppiumTest" name="Nativeappandroid" time="0.058"/>
  <testcase classname="qaclickacademy.Mavenjava.AppiumTest" name="IOSapp" time="0.0">
    <ignored/>
  </testcase> <!-- IOSapp -->
</testsuite> <!-- Default test -->
