<?xml version="1.0" encoding="UTF-8"?>
<!-- Generated by org.testng.reporters.JUnitXMLReporter -->
<testsuite ignored="0" hostname="DESKTOP-BAN4ULB" failures="0" tests="6" name="Command line test" time="0.134" errors="0" timestamp="2020-12-28T10:08:18 IST">
  <testcase classname="qaclickacademy.Mavenjava.AppiumTest" name="IOSapp" time="0.006"/>
  <testcase classname="qaclickacademy.Mavenjava.AppiumTest" name="Nativeappandroid" time="0.001"/>
  <testcase classname="qaclickacademy.Mavenjava.RestAPITest" name="postjira" time="0.0"/>
  <testcase classname="qaclickacademy.Mavenjava.RestAPITest" name="twitterdelete" time="0.001"/>
  <testcase classname="qaclickacademy.Mavenjava.seleniumTest" name="BrowserAutomation" time="0.0"/>
  <testcase classname="qaclickacademy.Mavenjava.seleniumTest" name="elementsui" time="0.0"/>
</testsuite> <!-- Command line test -->
