<?xml version="1.0" encoding="UTF-8"?>
<!-- Generated by org.testng.reporters.JUnitXMLReporter -->
<testsuite ignored="0" hostname="DESKTOP-BAN4ULB" failures="0" tests="6" name="Test" time="0.126" errors="0" timestamp="2020-12-26T22:06:42 IST">
  <testcase classname="qaclickacademy.Mavenjava.seleniumTest" name="BrowserAutomation" time="0.011"/>
  <testcase classname="qaclickacademy.Mavenjava.seleniumTest" name="elementsui" time="0.002"/>
  <testcase classname="qaclickacademy.Mavenjava.RestAPITest" name="postjira" time="0.0"/>
  <testcase classname="qaclickacademy.Mavenjava.RestAPITest" name="twitterdelete" time="0.0"/>
  <testcase classname="qaclickacademy.Mavenjava.AppiumTest" name="IOSapp" time="0.001"/>
  <testcase classname="qaclickacademy.Mavenjava.AppiumTest" name="Nativeappandroid" time="0.006"/>
</testsuite> <!-- Test -->
