<?xml version="1.0" encoding="UTF-8"?>
<testng-results ignored="0" total="6" passed="6" failed="0" skipped="0">
  <reporter-output>
  </reporter-output>
  <suite started-at="2020-12-28T10:08:17 IST" name="Command line suite" finished-at="2020-12-28T10:08:17 IST" duration-ms="134">
    <groups>
    </groups>
    <test started-at="2020-12-28T10:08:17 IST" name="Command line test" finished-at="2020-12-28T10:08:17 IST" duration-ms="134">
      <class name="qaclickacademy.Mavenjava.seleniumTest">
        <test-method signature="BrowserAutomation()[pri:0, instance:qaclickacademy.Mavenjava.seleniumTest@b59d31]" started-at="2020-12-28T10:08:17 IST" name="BrowserAutomation" finished-at="2020-12-28T10:08:17 IST" duration-ms="0" status="PASS">
          <reporter-output>
          </reporter-output>
        </test-method> <!-- BrowserAutomation -->
        <test-method signature="elementsui()[pri:0, instance:qaclickacademy.Mavenjava.seleniumTest@b59d31]" started-at="2020-12-28T10:08:17 IST" name="elementsui" finished-at="2020-12-28T10:08:17 IST" duration-ms="0" status="PASS">
          <reporter-output>
          </reporter-output>
        </test-method> <!-- elementsui -->
      </class> <!-- qaclickacademy.Mavenjava.seleniumTest -->
      <class name="qaclickacademy.Mavenjava.RestAPITest">
        <test-method signature="postjira()[pri:0, instance:qaclickacademy.Mavenjava.RestAPITest@4df828d7]" started-at="2020-12-28T10:08:17 IST" name="postjira" finished-at="2020-12-28T10:08:17 IST" duration-ms="0" status="PASS">
          <reporter-output>
          </reporter-output>
        </test-method> <!-- postjira -->
        <test-method signature="twitterdelete()[pri:0, instance:qaclickacademy.Mavenjava.RestAPITest@4df828d7]" started-at="2020-12-28T10:08:17 IST" name="twitterdelete" finished-at="2020-12-28T10:08:17 IST" duration-ms="1" status="PASS">
          <reporter-output>
          </reporter-output>
        </test-method> <!-- twitterdelete -->
      </class> <!-- qaclickacademy.Mavenjava.RestAPITest -->
      <class name="qaclickacademy.Mavenjava.AppiumTest">
        <test-method signature="IOSapp()[pri:0, instance:qaclickacademy.Mavenjava.AppiumTest@5e25a92e]" started-at="2020-12-28T10:08:17 IST" name="IOSapp" finished-at="2020-12-28T10:08:17 IST" duration-ms="6" status="PASS">
          <reporter-output>
          </reporter-output>
        </test-method> <!-- IOSapp -->
        <test-method signature="Nativeappandroid()[pri:0, instance:qaclickacademy.Mavenjava.AppiumTest@5e25a92e]" started-at="2020-12-28T10:08:17 IST" name="Nativeappandroid" finished-at="2020-12-28T10:08:17 IST" duration-ms="1" status="PASS">
          <reporter-output>
          </reporter-output>
        </test-method> <!-- Nativeappandroid -->
      </class> <!-- qaclickacademy.Mavenjava.AppiumTest -->
    </test> <!-- Command line test -->
  </suite> <!-- Command line suite -->
</testng-results>
