<?xml version="1.0" encoding="UTF-8"?>
<testng-results ignored="0" total="2" passed="2" failed="0" skipped="0">
  <reporter-output>
  </reporter-output>
  <suite started-at="2021-01-15T16:36:59 IST" name="Default suite" finished-at="2021-01-15T16:36:59 IST" duration-ms="418">
    <groups>
    </groups>
    <test started-at="2021-01-15T16:36:59 IST" name="Default test" finished-at="2021-01-15T16:36:59 IST" duration-ms="418">
      <class name="qaclickacademy.Mavenjava.seleniumTest">
        <test-method signature="BrowserAutomation()[pri:0, instance:qaclickacademy.Mavenjava.seleniumTest@31c88ec8]" started-at="2021-01-15T16:36:59 IST" name="BrowserAutomation" finished-at="2021-01-15T16:36:59 IST" duration-ms="69" status="PASS">
          <reporter-output>
          </reporter-output>
        </test-method> <!-- BrowserAutomation -->
        <test-method signature="elementsui()[pri:0, instance:qaclickacademy.Mavenjava.seleniumTest@31c88ec8]" started-at="2021-01-15T16:36:59 IST" name="elementsui" finished-at="2021-01-15T16:36:59 IST" duration-ms="24" status="PASS">
          <reporter-output>
          </reporter-output>
        </test-method> <!-- elementsui -->
      </class> <!-- qaclickacademy.Mavenjava.seleniumTest -->
    </test> <!-- Default test -->
  </suite> <!-- Default suite -->
</testng-results>
