<?xml version="1.0" encoding="UTF-8"?>
<testng-results ignored="0" total="6" passed="6" failed="0" skipped="0">
  <reporter-output>
  </reporter-output>
  <suite started-at="2020-12-28T21:27:33 IST" name="Suite" finished-at="2020-12-28T21:27:33 IST" duration-ms="353">
    <groups>
    </groups>
    <test started-at="2020-12-28T21:27:33 IST" name="Test" finished-at="2020-12-28T21:27:33 IST" duration-ms="353">
      <class name="qaclickacademy.Mavenjava.seleniumTest">
        <test-method signature="BrowserAutomation()[pri:0, instance:qaclickacademy.Mavenjava.seleniumTest@28eaa59a]" started-at="2020-12-28T21:27:33 IST" name="BrowserAutomation" finished-at="2020-12-28T21:27:33 IST" duration-ms="29" status="PASS">
          <reporter-output>
          </reporter-output>
        </test-method> <!-- BrowserAutomation -->
        <test-method signature="elementsui()[pri:0, instance:qaclickacademy.Mavenjava.seleniumTest@28eaa59a]" started-at="2020-12-28T21:27:33 IST" name="elementsui" finished-at="2020-12-28T21:27:33 IST" duration-ms="7" status="PASS">
          <reporter-output>
          </reporter-output>
        </test-method> <!-- elementsui -->
      </class> <!-- qaclickacademy.Mavenjava.seleniumTest -->
      <class name="qaclickacademy.Mavenjava.RestAPITest">
        <test-method signature="postjira()[pri:0, instance:qaclickacademy.Mavenjava.RestAPITest@3427b02d]" started-at="2020-12-28T21:27:33 IST" name="postjira" finished-at="2020-12-28T21:27:33 IST" duration-ms="7" status="PASS">
          <reporter-output>
          </reporter-output>
        </test-method> <!-- postjira -->
        <test-method signature="twitterdelete()[pri:0, instance:qaclickacademy.Mavenjava.RestAPITest@3427b02d]" started-at="2020-12-28T21:27:33 IST" name="twitterdelete" finished-at="2020-12-28T21:27:33 IST" duration-ms="10" status="PASS">
          <reporter-output>
          </reporter-output>
        </test-method> <!-- twitterdelete -->
      </class> <!-- qaclickacademy.Mavenjava.RestAPITest -->
      <class name="qaclickacademy.Mavenjava.AppiumTest">
        <test-method signature="IOSapp()[pri:0, instance:qaclickacademy.Mavenjava.AppiumTest@647e447]" started-at="2020-12-28T21:27:33 IST" name="IOSapp" finished-at="2020-12-28T21:27:33 IST" duration-ms="3" status="PASS">
          <reporter-output>
          </reporter-output>
        </test-method> <!-- IOSapp -->
        <test-method signature="Nativeappandroid()[pri:0, instance:qaclickacademy.Mavenjava.AppiumTest@647e447]" started-at="2020-12-28T21:27:33 IST" name="Nativeappandroid" finished-at="2020-12-28T21:27:33 IST" duration-ms="8" status="PASS">
          <reporter-output>
          </reporter-output>
        </test-method> <!-- Nativeappandroid -->
      </class> <!-- qaclickacademy.Mavenjava.AppiumTest -->
    </test> <!-- Test -->
  </suite> <!-- Suite -->
</testng-results>
